

Microchip MPLAB XC8 Assembler V3.10 build 20250813170317 
                                                                                               Sun Mar 22 12:42:47 2026

Microchip MPLAB XC8 C Compiler v3.10 (Free license) build 20250813170317 Og1 
     1                           	processor	16F887
     2                           	pagewidth 120
     3                           	opt	flic
     4                           	psect	strings,global,class=STRING,space=0,delta=2,noexec
     5                           	psect	cinit,global,class=CODE,space=0,merge=1,delta=2
     6                           	psect	cstackCOMMON,global,class=COMMON,space=1,delta=1,noexec
     7                           	psect	cstackBANK0,global,class=BANK0,space=1,delta=1,noexec
     8                           	psect	maintext,global,class=CODE,space=0,split=1,delta=2
     9                           	psect	text1,local,class=CODE,space=0,merge=1,delta=2
    10                           	psect	text2,local,class=CODE,space=0,merge=1,delta=2,group=1
    11                           	psect	text3,local,class=CODE,space=0,merge=1,delta=2
    12                           	psect	config,global,abs,ovrld,class=CONFIG,space=4,delta=2,noexec
    13                           	dabs	1,0x7E,2
    14     0000                     
    15                           ; Generated 26/03/2025 GMT
    16                           ; 
    17                           ; Copyright © 2025, Microchip Technology Inc. and its subsidiaries ("Microchip")
    18                           ; All rights reserved.
    19                           ; 
    20                           ; This software is developed by Microchip Technology Inc. and its subsidiaries ("Microch
      +                          ip").
    21                           ; 
    22                           ; Redistribution and use in source and binary forms, with or without modification, are
    23                           ; permitted provided that the following conditions are met:
    24                           ; 
    25                           ;     1. Redistributions of source code must retain the above copyright notice, this lis
      +                          t of
    26                           ;        conditions and the following disclaimer.
    27                           ; 
    28                           ;     2. Redistributions in binary form must reproduce the above copyright notice, this 
      +                          list
    29                           ;        of conditions and the following disclaimer in the documentation and/or other
    30                           ;        materials provided with the distribution. Publication is not required when
    31                           ;        this file is used in an embedded application.
    32                           ; 
    33                           ;     3. Microchip's name may not be used to endorse or promote products derived from th
      +                          is
    34                           ;        software without specific prior written permission.
    35                           ; 
    36                           ; THIS SOFTWARE IS PROVIDED BY MICROCHIP "AS IS" AND ANY EXPRESS OR IMPLIED WARRANTIES,
    37                           ; INCLUDING, BUT NOT LIMITED TO, THE IMPLIED WARRANTIES OF MERCHANTABILITY AND FITNESS F
      +                          OR
    38                           ; PURPOSE ARE DISCLAIMED.  IN NO EVENT SHALL MICROCHIP BE LIABLE FOR ANY DIRECT, INDIREC
      +                          T,
    39                           ; INCIDENTAL, SPECIAL, EXEMPLARY, OR CONSEQUENTIAL DAMAGES (INCLUDING BUT NOT LIMITED TO
    40                           ; PROCUREMENT OF SUBSTITUTE GOODS OR SERVICES; LOSS OF USE, DATA OR PROFITS; OR BUSINESS
    41                           ; INTERRUPTION) HOWSOEVER CAUSED AND ON ANY THEORY OF LIABILITY, WHETHER IN CONTRACT, ST
      +                          RICT
    42                           ; LIABILITY, OR TORT (INCLUDING NEGLIGENCE OR OTHERWISE) ARISING IN ANY WAY OUT OF THE U
      +                          SE OF
    43                           ; THIS SOFTWARE, EVEN IF ADVISED OF THE POSSIBILITY OF SUCH DAMAGE.
    44                           ; 
    45                           ; 
    46                           ; Code-generator required, PIC16F887 Definitions
    47                           ; 
    48                           ; SFR Addresses
    49     0004                     fsr             equ	4
    50     0004                     fsr0            equ	4
    51     0000                     indf            equ	0
    52     0000                     indf0           equ	0
    53     0002                     pc              equ	2
    54     0002                     pcl             equ	2
    55     000A                     pclath          equ	10
    56     0003                     status          equ	3
    57     0000                     INDF            equ	0	;# 
    58     0001                     TMR0            equ	1	;# 
    59     0002                     PCL             equ	2	;# 
    60     0003                     STATUS          equ	3	;# 
    61     0004                     FSR             equ	4	;# 
    62     0005                     PORTA           equ	5	;# 
    63     0006                     PORTB           equ	6	;# 
    64     0007                     PORTC           equ	7	;# 
    65     0008                     PORTD           equ	8	;# 
    66     0009                     PORTE           equ	9	;# 
    67     000A                     PCLATH          equ	10	;# 
    68     000B                     INTCON          equ	11	;# 
    69     000C                     PIR1            equ	12	;# 
    70     000D                     PIR2            equ	13	;# 
    71     000E                     TMR1            equ	14	;# 
    72     000E                     TMR1L           equ	14	;# 
    73     000F                     TMR1H           equ	15	;# 
    74     0010                     T1CON           equ	16	;# 
    75     0011                     TMR2            equ	17	;# 
    76     0012                     T2CON           equ	18	;# 
    77     0013                     SSPBUF          equ	19	;# 
    78     0014                     SSPCON          equ	20	;# 
    79     0015                     CCPR1           equ	21	;# 
    80     0015                     CCPR1L          equ	21	;# 
    81     0016                     CCPR1H          equ	22	;# 
    82     0017                     CCP1CON         equ	23	;# 
    83     0018                     RCSTA           equ	24	;# 
    84     0019                     TXREG           equ	25	;# 
    85     001A                     RCREG           equ	26	;# 
    86     001B                     CCPR2           equ	27	;# 
    87     001B                     CCPR2L          equ	27	;# 
    88     001C                     CCPR2H          equ	28	;# 
    89     001D                     CCP2CON         equ	29	;# 
    90     001E                     ADRESH          equ	30	;# 
    91     001F                     ADCON0          equ	31	;# 
    92     0081                     OPTION_REG      equ	129	;# 
    93     0085                     TRISA           equ	133	;# 
    94     0086                     TRISB           equ	134	;# 
    95     0087                     TRISC           equ	135	;# 
    96     0088                     TRISD           equ	136	;# 
    97     0089                     TRISE           equ	137	;# 
    98     008C                     PIE1            equ	140	;# 
    99     008D                     PIE2            equ	141	;# 
   100     008E                     PCON            equ	142	;# 
   101     008F                     OSCCON          equ	143	;# 
   102     0090                     OSCTUNE         equ	144	;# 
   103     0091                     SSPCON2         equ	145	;# 
   104     0092                     PR2             equ	146	;# 
   105     0093                     SSPADD          equ	147	;# 
   106     0093                     SSPMSK          equ	147	;# 
   107     0093                     MSK             equ	147	;# 
   108     0094                     SSPSTAT         equ	148	;# 
   109     0095                     WPUB            equ	149	;# 
   110     0096                     IOCB            equ	150	;# 
   111     0097                     VRCON           equ	151	;# 
   112     0098                     TXSTA           equ	152	;# 
   113     0099                     SPBRG           equ	153	;# 
   114     009A                     SPBRGH          equ	154	;# 
   115     009B                     PWM1CON         equ	155	;# 
   116     009C                     ECCPAS          equ	156	;# 
   117     009D                     PSTRCON         equ	157	;# 
   118     009E                     ADRESL          equ	158	;# 
   119     009F                     ADCON1          equ	159	;# 
   120     0105                     WDTCON          equ	261	;# 
   121     0107                     CM1CON0         equ	263	;# 
   122     0108                     CM2CON0         equ	264	;# 
   123     0109                     CM2CON1         equ	265	;# 
   124     010C                     EEDATA          equ	268	;# 
   125     010C                     EEDAT           equ	268	;# 
   126     010D                     EEADR           equ	269	;# 
   127     010E                     EEDATH          equ	270	;# 
   128     010F                     EEADRH          equ	271	;# 
   129     0185                     SRCON           equ	389	;# 
   130     0187                     BAUDCTL         equ	391	;# 
   131     0188                     ANSEL           equ	392	;# 
   132     0189                     ANSELH          equ	393	;# 
   133     018C                     EECON1          equ	396	;# 
   134     018D                     EECON2          equ	397	;# 
   135     0000                     INDF            equ	0	;# 
   136     0001                     TMR0            equ	1	;# 
   137     0002                     PCL             equ	2	;# 
   138     0003                     STATUS          equ	3	;# 
   139     0004                     FSR             equ	4	;# 
   140     0005                     PORTA           equ	5	;# 
   141     0006                     PORTB           equ	6	;# 
   142     0007                     PORTC           equ	7	;# 
   143     0008                     PORTD           equ	8	;# 
   144     0009                     PORTE           equ	9	;# 
   145     000A                     PCLATH          equ	10	;# 
   146     000B                     INTCON          equ	11	;# 
   147     000C                     PIR1            equ	12	;# 
   148     000D                     PIR2            equ	13	;# 
   149     000E                     TMR1            equ	14	;# 
   150     000E                     TMR1L           equ	14	;# 
   151     000F                     TMR1H           equ	15	;# 
   152     0010                     T1CON           equ	16	;# 
   153     0011                     TMR2            equ	17	;# 
   154     0012                     T2CON           equ	18	;# 
   155     0013                     SSPBUF          equ	19	;# 
   156     0014                     SSPCON          equ	20	;# 
   157     0015                     CCPR1           equ	21	;# 
   158     0015                     CCPR1L          equ	21	;# 
   159     0016                     CCPR1H          equ	22	;# 
   160     0017                     CCP1CON         equ	23	;# 
   161     0018                     RCSTA           equ	24	;# 
   162     0019                     TXREG           equ	25	;# 
   163     001A                     RCREG           equ	26	;# 
   164     001B                     CCPR2           equ	27	;# 
   165     001B                     CCPR2L          equ	27	;# 
   166     001C                     CCPR2H          equ	28	;# 
   167     001D                     CCP2CON         equ	29	;# 
   168     001E                     ADRESH          equ	30	;# 
   169     001F                     ADCON0          equ	31	;# 
   170     0081                     OPTION_REG      equ	129	;# 
   171     0085                     TRISA           equ	133	;# 
   172     0086                     TRISB           equ	134	;# 
   173     0087                     TRISC           equ	135	;# 
   174     0088                     TRISD           equ	136	;# 
   175     0089                     TRISE           equ	137	;# 
   176     008C                     PIE1            equ	140	;# 
   177     008D                     PIE2            equ	141	;# 
   178     008E                     PCON            equ	142	;# 
   179     008F                     OSCCON          equ	143	;# 
   180     0090                     OSCTUNE         equ	144	;# 
   181     0091                     SSPCON2         equ	145	;# 
   182     0092                     PR2             equ	146	;# 
   183     0093                     SSPADD          equ	147	;# 
   184     0093                     SSPMSK          equ	147	;# 
   185     0093                     MSK             equ	147	;# 
   186     0094                     SSPSTAT         equ	148	;# 
   187     0095                     WPUB            equ	149	;# 
   188     0096                     IOCB            equ	150	;# 
   189     0097                     VRCON           equ	151	;# 
   190     0098                     TXSTA           equ	152	;# 
   191     0099                     SPBRG           equ	153	;# 
   192     009A                     SPBRGH          equ	154	;# 
   193     009B                     PWM1CON         equ	155	;# 
   194     009C                     ECCPAS          equ	156	;# 
   195     009D                     PSTRCON         equ	157	;# 
   196     009E                     ADRESL          equ	158	;# 
   197     009F                     ADCON1          equ	159	;# 
   198     0105                     WDTCON          equ	261	;# 
   199     0107                     CM1CON0         equ	263	;# 
   200     0108                     CM2CON0         equ	264	;# 
   201     0109                     CM2CON1         equ	265	;# 
   202     010C                     EEDATA          equ	268	;# 
   203     010C                     EEDAT           equ	268	;# 
   204     010D                     EEADR           equ	269	;# 
   205     010E                     EEDATH          equ	270	;# 
   206     010F                     EEADRH          equ	271	;# 
   207     0185                     SRCON           equ	389	;# 
   208     0187                     BAUDCTL         equ	391	;# 
   209     0188                     ANSEL           equ	392	;# 
   210     0189                     ANSELH          equ	393	;# 
   211     018C                     EECON1          equ	396	;# 
   212     018D                     EECON2          equ	397	;# 
   213                           
   214                           	psect	strings
   215     0003                     __pstrings:
   216     0003                     stringtab:
   217     0003                     __stringtab:
   218     0003                     stringcode:	
   219                           ;	String table - string pointers are 1 byte each
   220                           
   221     0003                     stringdir:
   222     0003  3000               	movlw	high stringdir
   223     0004  008A               	movwf	10
   224     0005  0804               	movf	4,w
   225     0006  0A84               	incf	4,f
   226     0007  0782               	addwf	2,f
   227     0008                     __stringbase:
   228     0008  3400               	retlw	0
   229     0009                     __end_of__stringtab:
   230     0009                     _MIS_TECLAS:
   231     0009  3405               	retlw	5
   232     000A  3400               	retlw	0
   233     000B  3400               	retlw	0
   234     000C  3400               	retlw	0
   235     000D  3405               	retlw	5
   236     000E  3400               	retlw	0
   237     000F  3401               	retlw	1
   238     0010  3401               	retlw	1
   239     0011  3405               	retlw	5
   240     0012  3400               	retlw	0
   241     0013  3402               	retlw	2
   242     0014  3402               	retlw	2
   243     0015  3405               	retlw	5
   244     0016  3400               	retlw	0
   245     0017  3403               	retlw	3
   246     0018  3403               	retlw	3
   247     0019  3405               	retlw	5
   248     001A  3400               	retlw	0
   249     001B  3404               	retlw	4
   250     001C  3404               	retlw	4
   251     001D  3405               	retlw	5
   252     001E  3400               	retlw	0
   253     001F  3405               	retlw	5
   254     0020  3405               	retlw	5
   255     0021  3407               	retlw	7
   256     0022  3400               	retlw	0
   257     0023  3403               	retlw	3
   258     0024  3406               	retlw	6
   259     0025  3407               	retlw	7
   260     0026  3400               	retlw	0
   261     0027  3404               	retlw	4
   262     0028  3407               	retlw	7
   263     0029  3406               	retlw	6
   264     002A  3400               	retlw	0
   265     002B  3400               	retlw	0
   266     002C  3408               	retlw	8
   267     002D  3406               	retlw	6
   268     002E  3400               	retlw	0
   269     002F  3401               	retlw	1
   270     0030  3409               	retlw	9
   271     0031  3406               	retlw	6
   272     0032  3400               	retlw	0
   273     0033  3402               	retlw	2
   274     0034  340A               	retlw	10
   275     0035  3406               	retlw	6
   276     0036  3400               	retlw	0
   277     0037  3403               	retlw	3
   278     0038  340B               	retlw	11
   279     0039  3406               	retlw	6
   280     003A  3400               	retlw	0
   281     003B  3404               	retlw	4
   282     003C  340C               	retlw	12
   283     003D  3406               	retlw	6
   284     003E  3400               	retlw	0
   285     003F  3405               	retlw	5
   286     0040  340D               	retlw	13
   287     0041  3406               	retlw	6
   288     0042  3400               	retlw	0
   289     0043  3406               	retlw	6
   290     0044  340E               	retlw	14
   291     0045  3406               	retlw	6
   292     0046  3400               	retlw	0
   293     0047  3407               	retlw	7
   294     0048  340F               	retlw	15
   295     0049  3408               	retlw	8
   296     004A  3400               	retlw	0
   297     004B  3400               	retlw	0
   298     004C  3410               	retlw	16
   299     004D  3408               	retlw	8
   300     004E  3400               	retlw	0
   301     004F  3401               	retlw	1
   302     0050  3411               	retlw	17
   303     0051  3408               	retlw	8
   304     0052  3400               	retlw	0
   305     0053  3402               	retlw	2
   306     0054  3412               	retlw	18
   307     0055  3408               	retlw	8
   308     0056  3400               	retlw	0
   309     0057  3403               	retlw	3
   310     0058  3413               	retlw	19
   311     0059  3408               	retlw	8
   312     005A  3400               	retlw	0
   313     005B  3404               	retlw	4
   314     005C  3414               	retlw	20
   315     005D  3408               	retlw	8
   316     005E  3400               	retlw	0
   317     005F  3405               	retlw	5
   318     0060  3415               	retlw	21
   319     0061  3408               	retlw	8
   320     0062  3400               	retlw	0
   321     0063  3406               	retlw	6
   322     0064  3416               	retlw	22
   323     0065  3408               	retlw	8
   324     0066  3400               	retlw	0
   325     0067  3407               	retlw	7
   326     0068  3417               	retlw	23
   327     0069                     __end_of_MIS_TECLAS:
   328     0069                     _ESCALA:
   329     0069  343E               	retlw	62
   330     006A  347D               	retlw	125
   331     006B  3400               	retlw	0
   332     006C  343A               	retlw	58
   333     006D  3476               	retlw	118
   334     006E  3400               	retlw	0
   335     006F  3437               	retlw	55
   336     0070  346F               	retlw	111
   337     0071  3400               	retlw	0
   338     0072  3434               	retlw	52
   339     0073  3469               	retlw	105
   340     0074  3400               	retlw	0
   341     0075  3431               	retlw	49
   342     0076  3463               	retlw	99
   343     0077  3400               	retlw	0
   344     0078  342E               	retlw	46
   345     0079  345E               	retlw	94
   346     007A  3400               	retlw	0
   347     007B  342B               	retlw	43
   348     007C  3459               	retlw	89
   349     007D  3400               	retlw	0
   350     007E  3428               	retlw	40
   351     007F  3454               	retlw	84
   352     0080  3400               	retlw	0
   353     0081  3426               	retlw	38
   354     0082  344F               	retlw	79
   355     0083  3400               	retlw	0
   356     0084  3424               	retlw	36
   357     0085  344A               	retlw	74
   358     0086  3400               	retlw	0
   359     0087  3422               	retlw	34
   360     0088  3446               	retlw	70
   361     0089  3400               	retlw	0
   362     008A  3420               	retlw	32
   363     008B  3442               	retlw	66
   364     008C  3400               	retlw	0
   365     008D  341E               	retlw	30
   366     008E  343F               	retlw	63
   367     008F  3400               	retlw	0
   368     0090  341C               	retlw	28
   369     0091  343B               	retlw	59
   370     0092  3400               	retlw	0
   371     0093  341B               	retlw	27
   372     0094  3438               	retlw	56
   373     0095  3400               	retlw	0
   374     0096  3419               	retlw	25
   375     0097  3435               	retlw	53
   376     0098  3400               	retlw	0
   377     0099  3418               	retlw	24
   378     009A  3432               	retlw	50
   379     009B  3400               	retlw	0
   380     009C  3416               	retlw	22
   381     009D  342F               	retlw	47
   382     009E  3400               	retlw	0
   383     009F  3415               	retlw	21
   384     00A0  342C               	retlw	44
   385     00A1  3400               	retlw	0
   386     00A2  3414               	retlw	20
   387     00A3  342A               	retlw	42
   388     00A4  3400               	retlw	0
   389     00A5  3413               	retlw	19
   390     00A6  3427               	retlw	39
   391     00A7  3400               	retlw	0
   392     00A8  3412               	retlw	18
   393     00A9  3425               	retlw	37
   394     00AA  3400               	retlw	0
   395     00AB  3411               	retlw	17
   396     00AC  3423               	retlw	35
   397     00AD  3400               	retlw	0
   398     00AE  3410               	retlw	16
   399     00AF  3421               	retlw	33
   400     00B0  3400               	retlw	0
   401     00B1                     __end_of_ESCALA:
   402     0017                     _CCP1CONbits    set	23
   403     0015                     _CCPR1L         set	21
   404     0017                     _CCP1CON        set	23
   405     0012                     _T2CON          set	18
   406     0008                     _PORTD          set	8
   407     0006                     _PORTB          set	6
   408     0007                     _PORTC          set	7
   409     0005                     _PORTA          set	5
   410     0092                     _PR2            set	146
   411     0088                     _TRISD          set	136
   412     0086                     _TRISB          set	134
   413     0085                     _TRISA          set	133
   414     043C                     _TRISC4         set	1084
   415     043B                     _TRISC3         set	1083
   416     043A                     _TRISC2         set	1082
   417     0189                     _ANSELH         set	393
   418     0188                     _ANSEL          set	392
   419                           
   420                           	psect	cinit
   421     07FC                     start_initialization:	
   422                           ; #config settings
   423                           
   424     07FC                     __initialization:
   425     07FC                     end_of_initialization:	
   426                           ;End of C runtime variable initialization code
   427                           
   428     07FC                     __end_of__initialization:
   429     07FC  0183               	clrf	3
   430     07FD  120A  118A  2F2F   	ljmp	_main	;jump to C main() function
   431                           
   432                           	psect	cstackCOMMON
   433     0070                     __pcstackCOMMON:
   434     0070                     ?_init_stylophone:
   435     0070                     ?_main:	
   436                           ; 1 bytes @ 0x0
   437                           
   438     0070                     ?___bmul:	
   439                           ; 1 bytes @ 0x0
   440                           
   441     0070                     ___bmul@multiplicand:	
   442                           ; 1 bytes @ 0x0
   443                           
   444     0070                     ??_init_stylophone:	
   445                           ; 1 bytes @ 0x0
   446                           
   447                           
   448                           ; 1 bytes @ 0x0
   449     0070                     	ds	1
   450     0071                     ___bmul@product:
   451     0071                     ??___bmul:	
   452                           ; 1 bytes @ 0x1
   453                           
   454                           
   455                           ; 1 bytes @ 0x1
   456     0071                     	ds	1
   457     0072                     ___bmul@multiplier:
   458                           
   459                           ; 1 bytes @ 0x2
   460     0072                     	ds	1
   461     0073                     ?_sonar:
   462     0073                     sonar@id:	
   463                           ; 1 bytes @ 0x3
   464                           
   465                           
   466                           ; 2 bytes @ 0x3
   467     0073                     	ds	2
   468     0075                     ??_sonar:
   469                           
   470                           ; 1 bytes @ 0x5
   471     0075                     	ds	2
   472     0077                     ??_main:
   473                           
   474                           ; 1 bytes @ 0x7
   475     0077                     	ds	6
   476                           
   477                           	psect	cstackBANK0
   478     0020                     __pcstackBANK0:
   479     0020                     main@nota_detectada:
   480                           
   481                           ; 2 bytes @ 0x0
   482     0020                     	ds	2
   483     0022                     main@i:
   484                           
   485                           ; 2 bytes @ 0x2
   486     0022                     	ds	2
   487                           
   488                           	psect	maintext
   489     072F                     __pmaintext:	
   490 ;;
   491 ;;Main: autosize = 0, tempsize = 6, incstack = 0, save=0
   492 ;;
   493 ;; *************** function _main *****************
   494 ;; Defined at:
   495 ;;		line 139 in file "styloapp.c"
   496 ;; Parameters:    Size  Location     Type
   497 ;;		None
   498 ;; Auto vars:     Size  Location     Type
   499 ;;  i               2    2[BANK0 ] int 
   500 ;;  nota_detecta    2    0[BANK0 ] int 
   501 ;; Return value:  Size  Location     Type
   502 ;;                  1    wreg      void 
   503 ;; Registers used:
   504 ;;		wreg, fsr0l, fsr0h, status,2, status,0, pclath, btemp1, cstack
   505 ;; Tracked objects:
   506 ;;		On entry : B00/0
   507 ;;		On exit  : 0/0
   508 ;;		Unchanged: 0/0
   509 ;; Data sizes:     COMMON   BANK0   BANK1   BANK3   BANK2
   510 ;;      Params:         0       0       0       0       0
   511 ;;      Locals:         0       4       0       0       0
   512 ;;      Temps:          6       0       0       0       0
   513 ;;      Totals:         6       4       0       0       0
   514 ;;Total ram usage:       10 bytes
   515 ;; Hardware stack levels required when called: 2
   516 ;; This function calls:
   517 ;;		_init_stylophone
   518 ;;		_sonar
   519 ;; This function is called by:
   520 ;;		Startup code after reset
   521 ;; This function uses a non-reentrant model
   522 ;;
   523                           
   524     072F                     _main:	
   525                           ;psect for function _main
   526                           
   527     072F                     l715:	
   528                           ;incstack = 0
   529                           ; Regs used in _main: [wreg-fsr0h+status,2+status,0+pclath+btemp1+cstack]
   530                           
   531                           
   532                           ;styloapp.c: 140:     }
   533     072F  120A  118A  26B9  120A  118A  	fcall	_init_stylophone
   534     0734                     l717:
   535     0734  30FF               	movlw	255
   536     0735  1283               	bcf	3,5	;RP0=0, select bank0
   537     0736  1303               	bcf	3,6	;RP1=0, select bank0
   538     0737  00A0               	movwf	main@nota_detectada
   539     0738  30FF               	movlw	255
   540     0739  00A1               	movwf	main@nota_detectada+1
   541     073A                     l719:
   542     073A  01A2               	clrf	main@i
   543     073B  01A3               	clrf	main@i+1
   544     073C                     l725:
   545     073C  1283               	bcf	3,5	;RP0=0, select bank0
   546     073D  1303               	bcf	3,6	;RP1=0, select bank0
   547     073E  0822               	movf	main@i,w
   548     073F  00F7               	movwf	??_main
   549     0740  3001               	movlw	1
   550     0741                     u175:
   551     0741  1003               	clrc
   552     0742  0DF7               	rlf	??_main,f
   553     0743  3EFF               	addlw	-1
   554     0744  1D03               	skipz
   555     0745  2F41               	goto	u175
   556     0746  1003               	clrc
   557     0747  0D77               	rlf	??_main,w
   558     0748  3E01               	addlw	low ((_MIS_TECLAS-__stringbase)| (0+32768))
   559     0749  0084               	movwf	4
   560     074A  120A  118A  2003  120A  118A  	fcall	stringdir
   561     074F  00F8               	movwf	??_main+1
   562     0750  120A  118A  2003  120A  118A  	fcall	stringdir
   563     0755  00F9               	movwf	??_main+2
   564     0756  0878               	movf	??_main+1,w
   565     0757  0084               	movwf	4
   566     0758  1783               	bsf	3,7
   567     0759  1C79               	btfss	??_main+2,0
   568     075A  1383               	bcf	3,7
   569     075B  0800               	movf	0,w
   570     075C  00FA               	movwf	??_main+3
   571     075D  3001               	movlw	1
   572     075E  00FB               	movwf	??_main+4
   573     075F  0822               	movf	main@i,w
   574     0760  00FC               	movwf	??_main+5
   575     0761  3001               	movlw	1
   576     0762                     u185:
   577     0762  1003               	clrc
   578     0763  0DFC               	rlf	??_main+5,f
   579     0764  3EFF               	addlw	-1
   580     0765  1D03               	skipz
   581     0766  2F62               	goto	u185
   582     0767  1003               	clrc
   583     0768  0D7C               	rlf	??_main+5,w
   584     0769  3E03               	addlw	low (((_MIS_TECLAS-__stringbase)| (0+32768)+2))
   585     076A  0084               	movwf	4
   586     076B  120A  118A  2003  120A  118A  	fcall	stringdir
   587     0770  3E01               	addlw	1
   588     0771  2F74               	goto	u194
   589     0772                     u195:
   590     0772  1003               	clrc
   591     0773  0DFB               	rlf	??_main+4,f
   592     0774                     u194:
   593     0774  3EFF               	addlw	-1
   594     0775  1D03               	skipz
   595     0776  2F72               	goto	u195
   596     0777  087B               	movf	??_main+4,w
   597     0778  057A               	andwf	??_main+3,w
   598     0779  1903               	btfsc	3,2
   599     077A  2F7C               	goto	u201
   600     077B  2F7D               	goto	u200
   601     077C                     u201:
   602     077C  2FDA               	goto	l733
   603     077D                     u200:
   604     077D                     l727:
   605     077D  300D               	movlw	13
   606     077E  00F7               	movwf	??_main
   607     077F                     u277:
   608     077F  0BF7               	decfsz	??_main,f
   609     0780  2F7F               	goto	u277
   610     0781                     l729:
   611     0781  1283               	bcf	3,5	;RP0=0, select bank0
   612     0782  1303               	bcf	3,6	;RP1=0, select bank0
   613     0783  0822               	movf	main@i,w
   614     0784  00F7               	movwf	??_main
   615     0785  3001               	movlw	1
   616     0786                     u215:
   617     0786  1003               	clrc
   618     0787  0DF7               	rlf	??_main,f
   619     0788  3EFF               	addlw	-1
   620     0789  1D03               	skipz
   621     078A  2F86               	goto	u215
   622     078B  1003               	clrc
   623     078C  0D77               	rlf	??_main,w
   624     078D  3E01               	addlw	low ((_MIS_TECLAS-__stringbase)| (0+32768))
   625     078E  0084               	movwf	4
   626     078F  120A  118A  2003  120A  118A  	fcall	stringdir
   627     0794  00F8               	movwf	??_main+1
   628     0795  120A  118A  2003  120A  118A  	fcall	stringdir
   629     079A  00F9               	movwf	??_main+2
   630     079B  0878               	movf	??_main+1,w
   631     079C  0084               	movwf	4
   632     079D  1783               	bsf	3,7
   633     079E  1C79               	btfss	??_main+2,0
   634     079F  1383               	bcf	3,7
   635     07A0  0800               	movf	0,w
   636     07A1  00FA               	movwf	??_main+3
   637     07A2  3001               	movlw	1
   638     07A3  00FB               	movwf	??_main+4
   639     07A4  0822               	movf	main@i,w
   640     07A5  00FC               	movwf	??_main+5
   641     07A6  3001               	movlw	1
   642     07A7                     u225:
   643     07A7  1003               	clrc
   644     07A8  0DFC               	rlf	??_main+5,f
   645     07A9  3EFF               	addlw	-1
   646     07AA  1D03               	skipz
   647     07AB  2FA7               	goto	u225
   648     07AC  1003               	clrc
   649     07AD  0D7C               	rlf	??_main+5,w
   650     07AE  3E03               	addlw	low (((_MIS_TECLAS-__stringbase)| (0+32768)+2))
   651     07AF  0084               	movwf	4
   652     07B0  120A  118A  2003  120A  118A  	fcall	stringdir
   653     07B5  3E01               	addlw	1
   654     07B6  2FB9               	goto	u234
   655     07B7                     u235:
   656     07B7  1003               	clrc
   657     07B8  0DFB               	rlf	??_main+4,f
   658     07B9                     u234:
   659     07B9  3EFF               	addlw	-1
   660     07BA  1D03               	skipz
   661     07BB  2FB7               	goto	u235
   662     07BC  087B               	movf	??_main+4,w
   663     07BD  057A               	andwf	??_main+3,w
   664     07BE  1903               	btfsc	3,2
   665     07BF  2FC1               	goto	u241
   666     07C0  2FC2               	goto	u240
   667     07C1                     u241:
   668     07C1  2FDA               	goto	l733
   669     07C2                     u240:
   670     07C2                     l731:
   671     07C2  0822               	movf	main@i,w
   672     07C3  00F7               	movwf	??_main
   673     07C4  3001               	movlw	1
   674     07C5                     u255:
   675     07C5  1003               	clrc
   676     07C6  0DF7               	rlf	??_main,f
   677     07C7  3EFF               	addlw	-1
   678     07C8  1D03               	skipz
   679     07C9  2FC5               	goto	u255
   680     07CA  1003               	clrc
   681     07CB  0D77               	rlf	??_main,w
   682     07CC  3E04               	addlw	low (((_MIS_TECLAS-__stringbase)| (0+32768)+3))
   683     07CD  0084               	movwf	4
   684     07CE  120A  118A  2003  120A  118A  	fcall	stringdir
   685     07D3  00F8               	movwf	??_main+1
   686     07D4  01F9               	clrf	??_main+2
   687     07D5  0878               	movf	??_main+1,w
   688     07D6  00A0               	movwf	main@nota_detectada
   689     07D7  0879               	movf	??_main+2,w
   690     07D8  00A1               	movwf	main@nota_detectada+1
   691     07D9  2FED               	goto	l737
   692     07DA                     l733:
   693     07DA  3001               	movlw	1
   694     07DB  07A2               	addwf	main@i,f
   695     07DC  1803               	skipnc
   696     07DD  0AA3               	incf	main@i+1,f
   697     07DE  3000               	movlw	0
   698     07DF  07A3               	addwf	main@i+1,f
   699     07E0                     l735:
   700     07E0  0823               	movf	main@i+1,w
   701     07E1  3A80               	xorlw	128
   702     07E2  00FF               	movwf	btemp1
   703     07E3  3080               	movlw	128
   704     07E4  027F               	subwf	btemp1,w
   705     07E5  1D03               	skipz
   706     07E6  2FE9               	goto	u265
   707     07E7  3018               	movlw	24
   708     07E8  0222               	subwf	main@i,w
   709     07E9                     u265:
   710     07E9  1C03               	skipc
   711     07EA  2FEC               	goto	u261
   712     07EB  2FED               	goto	u260
   713     07EC                     u261:
   714     07EC  2F3C               	goto	l725
   715     07ED                     u260:
   716     07ED                     l737:
   717     07ED  1283               	bcf	3,5	;RP0=0, select bank0
   718     07EE  1303               	bcf	3,6	;RP1=0, select bank0
   719     07EF  0821               	movf	main@nota_detectada+1,w
   720     07F0  00F4               	movwf	sonar@id+1
   721     07F1  0820               	movf	main@nota_detectada,w
   722     07F2  00F3               	movwf	sonar@id
   723     07F3  120A  118A  26D3  120A  118A  	fcall	_sonar
   724     07F8  2F34               	goto	l717
   725     07F9  120A  118A  2800   	ljmp	start
   726     07FC                     __end_of_main:
   727                           
   728                           	psect	text1
   729     06D3                     __ptext1:	
   730 ;; *************** function _sonar *****************
   731 ;; Defined at:
   732 ;;		line 122 in file "styloapp.c"
   733 ;; Parameters:    Size  Location     Type
   734 ;;  id              2    3[COMMON] int 
   735 ;; Auto vars:     Size  Location     Type
   736 ;;		None
   737 ;; Return value:  Size  Location     Type
   738 ;;                  1    wreg      void 
   739 ;; Registers used:
   740 ;;		wreg, fsr0l, fsr0h, status,2, status,0, pclath, btemp1, cstack
   741 ;; Tracked objects:
   742 ;;		On entry : 0/0
   743 ;;		On exit  : 0/0
   744 ;;		Unchanged: 0/0
   745 ;; Data sizes:     COMMON   BANK0   BANK1   BANK3   BANK2
   746 ;;      Params:         2       0       0       0       0
   747 ;;      Locals:         0       0       0       0       0
   748 ;;      Temps:          2       0       0       0       0
   749 ;;      Totals:         4       0       0       0       0
   750 ;;Total ram usage:        4 bytes
   751 ;; Hardware stack levels used: 1
   752 ;; Hardware stack levels required when called: 1
   753 ;; This function calls:
   754 ;;		___bmul
   755 ;; This function is called by:
   756 ;;		_main
   757 ;; This function uses a non-reentrant model
   758 ;;
   759                           
   760     06D3                     _sonar:	
   761                           ;psect for function _sonar
   762                           
   763     06D3                     l701:	
   764                           ;incstack = 0
   765                           ; Regs used in _sonar: [wreg-fsr0h+status,2+status,0+pclath+btemp1+cstack]
   766                           
   767                           
   768                           ;styloapp.c: 123:         int nota_detectada = -1;
   769     06D3  0A73               	incf	sonar@id,w
   770     06D4  1D03               	skipz
   771     06D5  2EDA               	goto	u161
   772     06D6  0A74               	incf	sonar@id+1,w
   773     06D7  1D03               	btfss	3,2
   774     06D8  2EDA               	goto	u161
   775     06D9  2EDB               	goto	u160
   776     06DA                     u161:
   777     06DA  2EDF               	goto	l707
   778     06DB                     u160:
   779     06DB                     l703:
   780                           
   781                           ;styloapp.c: 124: 
   782     06DB  1283               	bcf	3,5	;RP0=0, select bank0
   783     06DC  1303               	bcf	3,6	;RP1=0, select bank0
   784     06DD  0197               	clrf	23	;volatile
   785     06DE  2F2E               	goto	l47
   786     06DF                     l707:
   787                           
   788                           ;styloapp.c: 128:             if (*MIS_TECLAS[i].port & (1 << MIS_TECLAS[i].pin)) {
   789     06DF  3003               	movlw	3
   790     06E0  00F0               	movwf	___bmul@multiplicand
   791     06E1  0873               	movf	sonar@id,w
   792     06E2  120A  118A  26A6  120A  118A  	fcall	___bmul
   793     06E7  3E61               	addlw	low ((_ESCALA-__stringbase)| (0+32768))
   794     06E8  0084               	movwf	4
   795     06E9  120A  118A  2003  120A  118A  	fcall	stringdir
   796     06EE  1683               	bsf	3,5	;RP0=1, select bank1
   797     06EF  1303               	bcf	3,6	;RP1=0, select bank1
   798     06F0  0092               	movwf	18	;volatile
   799     06F1                     l709:
   800                           
   801                           ;styloapp.c: 131:                 _delay((unsigned long)((5)*(32768/4000.0)));
   802     06F1  3003               	movlw	3
   803     06F2  00F0               	movwf	___bmul@multiplicand
   804     06F3  0873               	movf	sonar@id,w
   805     06F4  120A  118A  26A6  120A  118A  	fcall	___bmul
   806     06F9  3E62               	addlw	low (((_ESCALA-__stringbase)| (0+32768)+1))
   807     06FA  0084               	movwf	4
   808     06FB  120A  118A  2003  120A  118A  	fcall	stringdir
   809     0700  00F5               	movwf	??_sonar
   810     0701  120A  118A  2003  120A  118A  	fcall	stringdir
   811     0706  00F6               	movwf	??_sonar+1
   812     0707  1003               	clrc
   813     0708  0CF6               	rrf	??_sonar+1,f
   814     0709  0CF5               	rrf	??_sonar,f
   815     070A  1003               	clrc
   816     070B  0CF6               	rrf	??_sonar+1,f
   817     070C  0CF5               	rrf	??_sonar,f
   818     070D  0875               	movf	??_sonar,w
   819     070E  1283               	bcf	3,5	;RP0=0, select bank0
   820     070F  1303               	bcf	3,6	;RP1=0, select bank0
   821     0710  0095               	movwf	21	;volatile
   822     0711                     l711:
   823                           
   824                           ;styloapp.c: 132:                 if (*MIS_TECLAS[i].port & (1 << MIS_TECLAS[i].pin)) {
   825     0711  3003               	movlw	3
   826     0712  00F0               	movwf	___bmul@multiplicand
   827     0713  0873               	movf	sonar@id,w
   828     0714  120A  118A  26A6  120A  118A  	fcall	___bmul
   829     0719  3E62               	addlw	low (((_ESCALA-__stringbase)| (0+32768)+1))
   830     071A  0084               	movwf	4
   831     071B  120A  118A  2003  120A  118A  	fcall	stringdir
   832     0720  3903               	andlw	3
   833     0721  00F5               	movwf	??_sonar
   834     0722  0EF5               	swapf	??_sonar,f
   835     0723  1283               	bcf	3,5	;RP0=0, select bank0
   836     0724  1303               	bcf	3,6	;RP1=0, select bank0
   837     0725  0817               	movf	23,w	;volatile
   838     0726  0675               	xorwf	??_sonar,w
   839     0727  39CF               	andlw	-49
   840     0728  0675               	xorwf	??_sonar,w
   841     0729  0097               	movwf	23	;volatile
   842     072A                     l713:
   843                           
   844                           ;styloapp.c: 134:                     break;
   845     072A  0817               	movf	23,w	;volatile
   846     072B  39F0               	andlw	-16
   847     072C  380C               	iorlw	12
   848     072D  0097               	movwf	23	;volatile
   849     072E                     l47:
   850     072E  0008               	return
   851     072F                     __end_of_sonar:
   852                           
   853                           	psect	text2
   854     06A6                     __ptext2:	
   855 ;; *************** function ___bmul *****************
   856 ;; Defined at:
   857 ;;		line 4 in file "C:\Program Files\Microchip\xc8\v3.10\pic\sources\c99\common\Umul8.c"
   858 ;; Parameters:    Size  Location     Type
   859 ;;  multiplier      1    wreg     unsigned char 
   860 ;;  multiplicand    1    0[COMMON] unsigned char 
   861 ;; Auto vars:     Size  Location     Type
   862 ;;  multiplier      1    2[COMMON] unsigned char 
   863 ;;  product         1    1[COMMON] unsigned char 
   864 ;; Return value:  Size  Location     Type
   865 ;;                  1    wreg      unsigned char 
   866 ;; Registers used:
   867 ;;		wreg, status,2, status,0
   868 ;; Tracked objects:
   869 ;;		On entry : 0/0
   870 ;;		On exit  : 0/0
   871 ;;		Unchanged: 0/0
   872 ;; Data sizes:     COMMON   BANK0   BANK1   BANK3   BANK2
   873 ;;      Params:         1       0       0       0       0
   874 ;;      Locals:         2       0       0       0       0
   875 ;;      Temps:          0       0       0       0       0
   876 ;;      Totals:         3       0       0       0       0
   877 ;;Total ram usage:        3 bytes
   878 ;; Hardware stack levels used: 1
   879 ;; This function calls:
   880 ;;		Nothing
   881 ;; This function is called by:
   882 ;;		_sonar
   883 ;; This function uses a non-reentrant model
   884 ;;
   885                           
   886     06A6                     ___bmul:	
   887                           ;psect for function ___bmul
   888                           
   889                           
   890                           ;incstack = 0
   891                           ; Regs used in ___bmul: [wreg+status,2+status,0]
   892                           ;___bmul@multiplier stored from wreg
   893     06A6  00F2               	movwf	___bmul@multiplier
   894     06A7                     l671:
   895     06A7  01F1               	clrf	___bmul@product
   896     06A8                     l673:
   897     06A8  1C72               	btfss	___bmul@multiplier,0
   898     06A9  2EAB               	goto	u141
   899     06AA  2EAC               	goto	u140
   900     06AB                     u141:
   901     06AB  2EAE               	goto	l677
   902     06AC                     u140:
   903     06AC                     l675:
   904     06AC  0870               	movf	___bmul@multiplicand,w
   905     06AD  07F1               	addwf	___bmul@product,f
   906     06AE                     l677:
   907     06AE  1003               	clrc
   908     06AF  0DF0               	rlf	___bmul@multiplicand,f
   909     06B0                     l679:
   910     06B0  1003               	clrc
   911     06B1  0CF2               	rrf	___bmul@multiplier,f
   912     06B2  0872               	movf	___bmul@multiplier,w
   913     06B3  1D03               	btfss	3,2
   914     06B4  2EB6               	goto	u151
   915     06B5  2EB7               	goto	u150
   916     06B6                     u151:
   917     06B6  2EA8               	goto	l673
   918     06B7                     u150:
   919     06B7                     l681:
   920     06B7  0871               	movf	___bmul@product,w
   921     06B8                     l171:
   922     06B8  0008               	return
   923     06B9                     __end_of___bmul:
   924                           
   925                           	psect	text3
   926     06B9                     __ptext3:	
   927 ;; *************** function _init_stylophone *****************
   928 ;; Defined at:
   929 ;;		line 105 in file "styloapp.c"
   930 ;; Parameters:    Size  Location     Type
   931 ;;		None
   932 ;; Auto vars:     Size  Location     Type
   933 ;;		None
   934 ;; Return value:  Size  Location     Type
   935 ;;                  1    wreg      void 
   936 ;; Registers used:
   937 ;;		status,2
   938 ;; Tracked objects:
   939 ;;		On entry : 0/0
   940 ;;		On exit  : 0/0
   941 ;;		Unchanged: 0/0
   942 ;; Data sizes:     COMMON   BANK0   BANK1   BANK3   BANK2
   943 ;;      Params:         0       0       0       0       0
   944 ;;      Locals:         0       0       0       0       0
   945 ;;      Temps:          0       0       0       0       0
   946 ;;      Totals:         0       0       0       0       0
   947 ;;Total ram usage:        0 bytes
   948 ;; Hardware stack levels used: 1
   949 ;; This function calls:
   950 ;;		Nothing
   951 ;; This function is called by:
   952 ;;		_main
   953 ;; This function uses a non-reentrant model
   954 ;;
   955                           
   956     06B9                     _init_stylophone:	
   957                           ;psect for function _init_stylophone
   958                           
   959     06B9                     l685:	
   960                           ;incstack = 0
   961                           ; Regs used in _init_stylophone: [status,2]
   962                           
   963                           
   964                           ;styloapp.c: 107: 
   965     06B9  1683               	bsf	3,5	;RP0=1, select bank3
   966     06BA  1703               	bsf	3,6	;RP1=1, select bank3
   967     06BB  0188               	clrf	8	;volatile
   968     06BC  0189               	clrf	9	;volatile
   969                           
   970                           ;styloapp.c: 109: 
   971     06BD  1283               	bcf	3,5	;RP0=0, select bank0
   972     06BE  1303               	bcf	3,6	;RP1=0, select bank0
   973     06BF  0185               	clrf	5	;volatile
   974     06C0  0186               	clrf	6	;volatile
   975     06C1  0187               	clrf	7	;volatile
   976     06C2  0188               	clrf	8	;volatile
   977     06C3                     l687:
   978                           
   979                           ;styloapp.c: 111:     CCPR1L = (ESCALA[id].duty_val >> 2);
   980     06C3  30FF               	movlw	255
   981     06C4  1683               	bsf	3,5	;RP0=1, select bank1
   982     06C5  1303               	bcf	3,6	;RP1=0, select bank1
   983     06C6  0085               	movwf	5	;volatile
   984     06C7                     l689:
   985     06C7  30FF               	movlw	255
   986     06C8  0086               	movwf	6	;volatile
   987     06C9                     l691:
   988     06C9  30FF               	movlw	255
   989     06CA  0088               	movwf	8	;volatile
   990     06CB                     l693:
   991                           
   992                           ;styloapp.c: 112:     CCP1CONbits.DC1B = (ESCALA[id].duty_val & 3);
   993     06CB  1107               	bcf	7,2	;volatile
   994     06CC                     l695:
   995                           
   996                           ;styloapp.c: 113: 
   997     06CC  1587               	bsf	7,3	;volatile
   998     06CD                     l697:
   999                           
  1000                           ;styloapp.c: 114:     CCP1CONbits.CCP1M = 0x0C;
  1001     06CD  1607               	bsf	7,4	;volatile
  1002     06CE                     l699:
  1003                           
  1004                           ;styloapp.c: 119: void main(void) {
  1005     06CE  3004               	movlw	4
  1006     06CF  1283               	bcf	3,5	;RP0=0, select bank0
  1007     06D0  1303               	bcf	3,6	;RP1=0, select bank0
  1008     06D1  0092               	movwf	18	;volatile
  1009     06D2                     l43:
  1010     06D2  0008               	return
  1011     06D3                     __end_of_init_stylophone:
  1012     0002                     ___latbits      equ	2
  1013     007E                     btemp           set	126	;btemp
  1014     007E                     btemp0          set	126
  1015     007F                     btemp1          set	127
  1016     007E                     wtemp0          set	126
  1017     007F                     wtemp0a         set	127
  1018     007F                     ttemp0a         set	127
  1019     0080                     ltemp0a         set	128
  1020                           
  1021                           	psect	config
  1022                           
  1023                           ;Config register CONFIG1 @ 0x2007
  1024                           ;	Oscillator Selection bits
  1025                           ;	FOSC = LP, LP oscillator: Low-power crystal on RA6/OSC2/CLKOUT and RA7/OSC1/CLKIN
  1026                           ;	Watchdog Timer Enable bit
  1027                           ;	WDTE = OFF, WDT disabled and can be enabled by SWDTEN bit of the WDTCON register
  1028                           ;	Power-up Timer Enable bit
  1029                           ;	PWRTE = ON, PWRT enabled
  1030                           ;	RE3/MCLR pin function select bit
  1031                           ;	MCLRE = ON, RE3/MCLR pin function is MCLR
  1032                           ;	Code Protection bit
  1033                           ;	CP = OFF, Program memory code protection is disabled
  1034                           ;	Data Code Protection bit
  1035                           ;	CPD = 0x1, unprogrammed default
  1036                           ;	Brown Out Reset Selection bits
  1037                           ;	BOREN = OFF, BOR disabled
  1038                           ;	Internal External Switchover bit
  1039                           ;	IESO = 0x1, unprogrammed default
  1040                           ;	Fail-Safe Clock Monitor Enabled bit
  1041                           ;	FCMEN = 0x1, unprogrammed default
  1042                           ;	Low Voltage Programming Enable bit
  1043                           ;	LVP = OFF, RB3 pin has digital I/O, HV on MCLR must be used for programming
  1044                           ;	In-Circuit Debugger Mode bit
  1045                           ;	DEBUG = 0x1, unprogrammed default
  1046     2007                     	org	8199
  1047     2007  2CE0               	dw	11488

Data Sizes:
    Strings     0
    Constant    168
    Data        0
    BSS         0
    Persistent  0
    Stack       0

Auto Spaces:
    Space          Size  Autos    Used
    COMMON           14     13      13
    BANK0            80      4       4
    BANK1            80      0       0
    BANK3            96      0       0
    BANK2            96      0       0

Pointer List with Targets:

    MIS_TECLAS$port	PTR volatile unsigned char  size(2) Largest target is 1
		 -> PORTA(SFR0[1]), PORTB(SFR0[1]), PORTC(SFR0[1]), PORTD(SFR0[1]), 

    S25$port	PTR volatile unsigned char  size(2) Largest target is 1
		 -> PORTA(SFR0[1]), PORTB(SFR0[1]), PORTC(SFR0[1]), PORTD(SFR0[1]), 


Critical Paths under _main in COMMON

    _main->_sonar
    _sonar->___bmul

Critical Paths under _main in BANK0

    None.

Critical Paths under _main in BANK1

    None.

Critical Paths under _main in BANK3

    None.

Critical Paths under _main in BANK2

    None.

Call Graph Tables:

 ---------------------------------------------------------------------------------
 (Depth) Function   	        Calls       Base Space   Used Autos Params    Refs
 ---------------------------------------------------------------------------------
 (0) _main                                                10    10      0     379
                                              7 COMMON     6     6      0
                                              0 BANK0      4     4      0
                    _init_stylophone
                              _sonar
 ---------------------------------------------------------------------------------
 (1) _sonar                                                4     2      2     199
                                              3 COMMON     4     2      2
                             ___bmul
 ---------------------------------------------------------------------------------
 (2) ___bmul                                               3     2      1     110
                                              0 COMMON     3     2      1
 ---------------------------------------------------------------------------------
 (1) _init_stylophone                                      0     0      0       0
 ---------------------------------------------------------------------------------
 Estimated maximum stack depth 2
 ---------------------------------------------------------------------------------

 Call Graph Graphs:

 _main (ROOT)
   _init_stylophone
   _sonar
     ___bmul

Address spaces:
Name               Size   Autos  Total    Usage
BITCOMMON           14      0       0      0.0%
BITBANK0            80      0       0      0.0%
BITBANK1            80      0       0      0.0%
BITBANK3            96      0       0      0.0%
BITBANK2            96      0       0      0.0%
COMMON              14     13      13     92.9%
BANK0               80      4       4      5.0%
BANK1               80      0       0      0.0%
BANK3               96      0       0      0.0%
BANK2               96      0       0      0.0%
STACK                0      0       0      0.0%
DATA                 0      0      17      0.0%


Microchip Technology PIC Macro Assembler V3.10 build 20250813170317 
Symbol Table                                                                                   Sun Mar 22 12:42:47 2026

                      pc 0002           ___bmul@product 0071                       l43 06D2  
                     l47 072E                       fsr 0004                      l171 06B8  
                    l701 06D3                      l711 0711                      l703 06DB  
                    l713 072A                      l707 06DF                      l731 07C2  
                    l715 072F                      l709 06F1                      l733 07DA  
                    l725 073C                      l717 0734                      l671 06A7  
                    l735 07E0                      l727 077D                      l719 073A  
                    l681 06B7                      l673 06A8                      l737 07ED  
                    l729 0781                      l691 06C9                      l675 06AC  
                    l693 06CB                      l685 06B9                      l677 06AE  
                    l695 06CC                      l687 06C3                      l679 06B0  
                    l697 06CD                      l689 06C7                      l699 06CE  
                    u200 077D                      u201 077C                      u140 06AC  
                    u141 06AB                      u150 06B7                      u151 06B6  
                    u215 0786                      u160 06DB                      u240 07C2  
                    u161 06DA                      u241 07C1                      u225 07A7  
                    u234 07B9                      u235 07B7                      u260 07ED  
                    u261 07EC                      _PR2 0092                      u255 07C5  
                    u175 0741                      u265 07E9                      u185 0762  
                    u194 0774                      u195 0772                      u277 077F  
                    fsr0 0004                      indf 0000                     _main 072F  
                   btemp 007E                     start 0000        ___bmul@multiplier 0072  
                  ?_main 0070                    _ANSEL 0188                    _T2CON 0012  
                  _PORTA 0005                    _PORTB 0006                    _PORTC 0007  
                  _PORTD 0008                    _TRISA 0085                    _TRISB 0086  
                  _TRISD 0088                    btemp0 007E                    btemp1 007F  
                  _sonar 06D3                    main@i 0022                    pclath 000A  
                  status 0003                    wtemp0 007E          __initialization 07FC  
           __end_of_main 07FC        ??_init_stylophone 0070                   ??_main 0077  
                 _CCPR1L 0015                   ?_sonar 0073                   _ANSELH 0189  
                 _ESCALA 0069                   _TRISC2 043A                   _TRISC3 043B  
                 _TRISC4 043C                   ___bmul 06A6                   ltemp0a 0080  
                 ttemp0a 007F                   wtemp0a 007F  __end_of__initialization 07FC  
    ___bmul@multiplicand 0070           __pcstackCOMMON 0070            __end_of_sonar 072F  
                ??_sonar 0075               __pmaintext 072F                  ?___bmul 0070  
                _CCP1CON 0017       __end_of_MIS_TECLAS 0069               __stringtab 0003  
        _init_stylophone 06B9                  __ptext1 06D3                  __ptext2 06A6  
                __ptext3 06B9     end_of_initialization 07FC                  sonar@id 0073  
__end_of_init_stylophone 06D3           __end_of_ESCALA 00B1              _CCP1CONbits 0017  
         __end_of___bmul 06B9      start_initialization 07FC                 ??___bmul 0071  
              ___latbits 0002            __pcstackBANK0 0020         ?_init_stylophone 0070  
              __pstrings 0003              __stringbase 0008       __end_of__stringtab 0009  
     main@nota_detectada 0020               _MIS_TECLAS 0009                stringcode 0003  
               stringdir 0003                 stringtab 0003  
